
[0m[0m
[0m  The local Sitefile.yaml serves the local documentation, and doubles is an example for all handlers. [0m
[33mKnex:warning - sqlite does not support inserting default values. Set the `useNullAsDefault` flag to hide this warning. (see docs http://knexjs.org/#Builder-insert).[39m
[33mKnex:warning - sqlite does not support inserting default values. Set the `useNullAsDefault` flag to hide this warning. (see docs http://knexjs.org/#Builder-insert).[39m
JSON storage Context:undefined.json
JSON storage Context:undefined.json
JSON storage Context:undefined.json
Starting server at localhost:7011
  [32m  ✓[0m[90m should serve its own ReadMe[0m[31m (185ms)[0m
  [32m  ✓[0m[90m should serve its own ReadMe and redirect ReadMe.rst[0m
  [32m  ✓[0m[90m should serve its own ChangeLog[0m[31m (142ms)[0m
  [32m  ✓[0m[90m should serve a CoffeeScript file to Javascript[0m
Pug compile { path: 'example/server-generated-page.pug' } with { options: 
   { stylesheets: [ '/media/style/default.css' ],
     scripts: [],
     pug: { pretty: false, debug: false, compileDebug: false, globals: [] } } }
  [32m  ✓[0m[90m should serve a Pug file to HTML[0m[31m (128ms)[0m
  [32m  ✓[0m[90m should serve a Stylus file to CSS file[0m[33m (72ms)[0m

[0m  Module conf[0m
[0m    .get:[0m
    [32m  ✓[0m[90m Should get the name of the nearest Sitefile[0m
    [32m  ✓[0m[90m Should get the path of the nearest sitefilerc[0m
    [32m  ✓[0m[90m Should get the names of all the sitefilerc[0m
[0m    .load_file:[0m
    [32m  ✓[0m[90m Should load the data of a sitefilerc[0m
[0m    .load[0m
    [32m  ✓[0m[90m Should load the data of the nearest sitefilerc[0m

[0m  Module sitefile[0m
[0m    .version[0m
    [32m  ✓[0m[90m should be valid semver[0m
    [32m  ✓[0m[90m should equal package versions[0m
[0m    .get_local_sitefile_name[0m
    [32m  ✓[0m[90m should use options[0m
    [32m  ✓[0m[90m should export default option values[0m
    [32m  ✓[0m[90m should pick up the local Sitefile.yaml[0m
    [36m  - should pick up Sitefiles for all extensions[0m
    [36m  - should throw "No Sitefile"[0m
[0m    .prepare_context[0m
    [32m  ✓[0m[90m Should return an object[0m
    [32m  ✓[0m[90m Should export options[0m
    [32m  ✓[0m[90m Should load the config[0m
    [32m  ✓[0m[90m Should load rc [0m
    [32m  ✓[0m[90m Should load the sitefile[0m
[0m      accepts options[0m
      [32m  ✓[0m[90m object[0m
[0m    local Sitefile[0m
    [32m  ✓[0m[90m contains references, globalized after loading[0m


[92m [0m[32m 23 passing[0m[90m (3s)[0m
[36m [0m[36m 2 pending[0m

